# JRE version: OpenJDK Runtime Environment (Zulu 8.52.0.23-CA-win64) (8.0_282-b08) (build 1.8.0_282-b08)
# Java VM: OpenJDK 64-Bit Server VM (25.282-b08 mixed mode windows-amd64 compressed oops)
Heap:
 PSYoungGen      total 192000K, used 27964K [0x00000000d5580000, 0x00000000e2000000, 0x0000000100000000)
  eden space 181760K, 9% used [0x00000000d5580000,0x00000000d66d4420,0x00000000e0700000)
  from space 10240K, 99% used [0x00000000e1400000,0x00000000e1dfac58,0x00000000e1e00000)
  to   space 12800K, 0% used [0x00000000e0700000,0x00000000e0700000,0x00000000e1380000)
 ParOldGen       total 64000K, used 13169K [0x0000000080000000, 0x0000000083e80000, 0x00000000d5580000)
  object space 64000K, 20% used [0x0000000080000000,0x0000000080cdc7c8,0x0000000083e80000)
 Metaspace       used 29660K, capacity 30528K, committed 30720K, reserved 1077248K
  class space    used 3526K, capacity 3785K, committed 3840K, reserved 1048576K
GC Heap History (10 events):
Event: 1.966 GC heap before
{Heap before GC invocations=5 (full 0):
 PSYoungGen      total 70656K, used 70633K [0x00000000d5580000, 0x00000000d9f80000, 0x0000000100000000)
  eden space 65536K, 100% used [0x00000000d5580000,0x00000000d9580000,0x00000000d9580000)
  from space 5120K, 99% used [0x00000000d9a80000,0x00000000d9f7a670,0x00000000d9f80000)
  to   space 5120K, 0% used [0x00000000d9580000,0x00000000d9580000,0x00000000d9a80000)
 ParOldGen       total 86016K, used 505K [0x0000000080000000, 0x0000000085400000, 0x00000000d5580000)
  object space 86016K, 0% used [0x0000000080000000,0x000000008007e6f8,0x0000000085400000)
 Metaspace       used 17191K, capacity 17440K, committed 17920K, reserved 1064960K
  class space    used 1845K, capacity 1940K, committed 2048K, reserved 1048576K
Event: 1.971 GC heap after
Heap after GC invocations=5 (full 0):
 PSYoungGen      total 70656K, used 5108K [0x00000000d5580000, 0x00000000de680000, 0x0000000100000000)
  eden space 65536K, 0% used [0x00000000d5580000,0x00000000d5580000,0x00000000d9580000)
  from space 5120K, 99% used [0x00000000d9580000,0x00000000d9a7d028,0x00000000d9a80000)
  to   space 8704K, 0% used [0x00000000dde00000,0x00000000dde00000,0x00000000de680000)
 ParOldGen       total 86016K, used 3985K [0x0000000080000000, 0x0000000085400000, 0x00000000d5580000)
  object space 86016K, 4% used [0x0000000080000000,0x00000000803e4598,0x0000000085400000)
 Metaspace       used 17191K, capacity 17440K, committed 17920K, reserved 1064960K
  class space    used 1845K, capacity 1940K, committed 2048K, reserved 1048576K
}
Event: 2.499 GC heap before
{Heap before GC invocations=6 (full 0):
 PSYoungGen      total 70656K, used 67471K [0x00000000d5580000, 0x00000000de680000, 0x0000000100000000)
  eden space 65536K, 95% used [0x00000000d5580000,0x00000000d9266e20,0x00000000d9580000)
  from space 5120K, 99% used [0x00000000d9580000,0x00000000d9a7d028,0x00000000d9a80000)
  to   space 8704K, 0% used [0x00000000dde00000,0x00000000dde00000,0x00000000de680000)
 ParOldGen       total 86016K, used 3985K [0x0000000080000000, 0x0000000085400000, 0x00000000d5580000)
  object space 86016K, 4% used [0x0000000080000000,0x00000000803e4598,0x0000000085400000)
 Metaspace       used 20769K, capacity 21014K, committed 21296K, reserved 1069056K
  class space    used 2311K, capacity 2425K, committed 2432K, reserved 1048576K
Event: 2.506 GC heap after
Heap after GC invocations=6 (full 0):
 PSYoungGen      total 138752K, used 8679K [0x00000000d5580000, 0x00000000de880000, 0x0000000100000000)
  eden space 130048K, 0% used [0x00000000d5580000,0x00000000d5580000,0x00000000dd480000)
  from space 8704K, 99% used [0x00000000dde00000,0x00000000de679da8,0x00000000de680000)
  to   space 9728K, 0% used [0x00000000dd480000,0x00000000dd480000,0x00000000dde00000)
 ParOldGen       total 86016K, used 4302K [0x0000000080000000, 0x0000000085400000, 0x00000000d5580000)
  object space 86016K, 5% used [0x0000000080000000,0x00000000804339b8,0x0000000085400000)
 Metaspace       used 20769K, capacity 21014K, committed 21296K, reserved 1069056K
  class space    used 2311K, capacity 2425K, committed 2432K, reserved 1048576K
}
Event: 2.506 GC heap before
{Heap before GC invocations=7 (full 1):
 PSYoungGen      total 138752K, used 8679K [0x00000000d5580000, 0x00000000de880000, 0x0000000100000000)
  eden space 130048K, 0% used [0x00000000d5580000,0x00000000d5580000,0x00000000dd480000)
  from space 8704K, 99% used [0x00000000dde00000,0x00000000de679da8,0x00000000de680000)
  to   space 9728K, 0% used [0x00000000dd480000,0x00000000dd480000,0x00000000dde00000)
 ParOldGen       total 86016K, used 4302K [0x0000000080000000, 0x0000000085400000, 0x00000000d5580000)
  object space 86016K, 5% used [0x0000000080000000,0x00000000804339b8,0x0000000085400000)
 Metaspace       used 20769K, capacity 21014K, committed 21296K, reserved 1069056K
  class space    used 2311K, capacity 2425K, committed 2432K, reserved 1048576K
Event: 2.545 GC heap after
Heap after GC invocations=7 (full 1):
 PSYoungGen      total 138752K, used 0K [0x00000000d5580000, 0x00000000de880000, 0x0000000100000000)
  eden space 130048K, 0% used [0x00000000d5580000,0x00000000d5580000,0x00000000dd480000)
  from space 8704K, 0% used [0x00000000dde00000,0x00000000dde00000,0x00000000de680000)
  to   space 9728K, 0% used [0x00000000dd480000,0x00000000dd480000,0x00000000dde00000)
 ParOldGen       total 64000K, used 10625K [0x0000000080000000, 0x0000000083e80000, 0x00000000d5580000)
  object space 64000K, 16% used [0x0000000080000000,0x0000000080a60430,0x0000000083e80000)
 Metaspace       used 20769K, capacity 21014K, committed 21296K, reserved 1069056K
  class space    used 2311K, capacity 2425K, committed 2432K, reserved 1048576K
}
Event: 3.074 GC heap before
{Heap before GC invocations=8 (full 1):
 PSYoungGen      total 138752K, used 130048K [0x00000000d5580000, 0x00000000de880000, 0x0000000100000000)
  eden space 130048K, 100% used [0x00000000d5580000,0x00000000dd480000,0x00000000dd480000)
  from space 8704K, 0% used [0x00000000dde00000,0x00000000dde00000,0x00000000de680000)
  to   space 9728K, 0% used [0x00000000dd480000,0x00000000dd480000,0x00000000dde00000)
 ParOldGen       total 64000K, used 10625K [0x0000000080000000, 0x0000000083e80000, 0x00000000d5580000)
  object space 64000K, 16% used [0x0000000080000000,0x0000000080a60430,0x0000000083e80000)
 Metaspace       used 22062K, capacity 22334K, committed 22704K, reserved 1069056K
  class space    used 2418K, capacity 2542K, committed 2560K, reserved 1048576K
Event: 3.076 GC heap after
Heap after GC invocations=8 (full 1):
 PSYoungGen      total 139776K, used 2725K [0x00000000d5580000, 0x00000000e1e00000, 0x0000000100000000)
  eden space 130048K, 0% used [0x00000000d5580000,0x00000000d5580000,0x00000000dd480000)
  from space 9728K, 28% used [0x00000000dd480000,0x00000000dd7296e0,0x00000000dde00000)
  to   space 10240K, 0% used [0x00000000e1400000,0x00000000e1400000,0x00000000e1e00000)
 ParOldGen       total 64000K, used 10633K [0x0000000080000000, 0x0000000083e80000, 0x00000000d5580000)
  object space 64000K, 16% used [0x0000000080000000,0x0000000080a62430,0x0000000083e80000)
 Metaspace       used 22062K, capacity 22334K, committed 22704K, reserved 1069056K
  class space    used 2418K, capacity 2542K, committed 2560K, reserved 1048576K
}
Event: 4.876 GC heap before
{Heap before GC invocations=9 (full 1):
 PSYoungGen      total 139776K, used 132773K [0x00000000d5580000, 0x00000000e1e00000, 0x0000000100000000)
  eden space 130048K, 100% used [0x00000000d5580000,0x00000000dd480000,0x00000000dd480000)
  from space 9728K, 28% used [0x00000000dd480000,0x00000000dd7296e0,0x00000000dde00000)
  to   space 10240K, 0% used [0x00000000e1400000,0x00000000e1400000,0x00000000e1e00000)
 ParOldGen       total 64000K, used 10633K [0x0000000080000000, 0x0000000083e80000, 0x00000000d5580000)
  object space 64000K, 16% used [0x0000000080000000,0x0000000080a62430,0x0000000083e80000)
 Metaspace       used 28327K, capacity 29074K, committed 29184K, reserved 1075200K
  class space    used 3337K, capacity 3558K, committed 3584K, reserved 1048576K
Event: 4.889 GC heap after
Heap after GC invocations=9 (full 1):
 PSYoungGen      total 192000K, used 10219K [0x00000000d5580000, 0x00000000e2000000, 0x0000000100000000)
  eden space 181760K, 0% used [0x00000000d5580000,0x00000000d5580000,0x00000000e0700000)
  from space 10240K, 99% used [0x00000000e1400000,0x00000000e1dfac58,0x00000000e1e00000)
  to   space 12800K, 0% used [0x00000000e0700000,0x00000000e0700000,0x00000000e1380000)
 ParOldGen       total 64000K, used 13169K [0x0000000080000000, 0x0000000083e80000, 0x00000000d5580000)
  object space 64000K, 20% used [0x0000000080000000,0x0000000080cdc7c8,0x0000000083e80000)
 Metaspace       used 28327K, capacity 29074K, committed 29184K, reserved 1075200K
  class space    used 3337K, capacity 3558K, committed 3584K, reserved 1048576K
}

