# JRE version: OpenJDK Runtime Environment (Zulu 8.52.0.23-CA-win64) (8.0_282-b08) (build 1.8.0_282-b08)
# Java VM: OpenJDK 64-Bit Server VM (25.282-b08 mixed mode windows-amd64 compressed oops)
Heap:
 PSYoungGen      total 176128K, used 53959K [0x00000000d5580000, 0x00000000e1080000, 0x0000000100000000)
  eden space 165888K, 26% used [0x00000000d5580000,0x00000000d80322b8,0x00000000df780000)
  from space 10240K, 99% used [0x00000000e0500000,0x00000000e0effa60,0x00000000e0f00000)
  to   space 12800K, 0% used [0x00000000df780000,0x00000000df780000,0x00000000e0400000)
 ParOldGen       total 67072K, used 12648K [0x0000000080000000, 0x0000000084180000, 0x00000000d5580000)
  object space 67072K, 18% used [0x0000000080000000,0x0000000080c5a148,0x0000000084180000)
 Metaspace       used 30352K, capacity 31248K, committed 31360K, reserved 1077248K
  class space    used 3618K, capacity 3871K, committed 3968K, reserved 1048576K
GC Heap History (10 events):
Event: 1.985 GC heap before
{Heap before GC invocations=5 (full 0):
 PSYoungGen      total 70656K, used 70650K [0x00000000d5580000, 0x00000000d9f80000, 0x0000000100000000)
  eden space 65536K, 100% used [0x00000000d5580000,0x00000000d9580000,0x00000000d9580000)
  from space 5120K, 99% used [0x00000000d9a80000,0x00000000d9f7ea68,0x00000000d9f80000)
  to   space 5120K, 0% used [0x00000000d9580000,0x00000000d9580000,0x00000000d9a80000)
 ParOldGen       total 86016K, used 446K [0x0000000080000000, 0x0000000085400000, 0x00000000d5580000)
  object space 86016K, 0% used [0x0000000080000000,0x000000008006fae0,0x0000000085400000)
 Metaspace       used 17204K, capacity 17440K, committed 17920K, reserved 1064960K
  class space    used 1846K, capacity 1940K, committed 2048K, reserved 1048576K
Event: 1.991 GC heap after
Heap after GC invocations=5 (full 0):
 PSYoungGen      total 70656K, used 5100K [0x00000000d5580000, 0x00000000de580000, 0x0000000100000000)
  eden space 65536K, 0% used [0x00000000d5580000,0x00000000d5580000,0x00000000d9580000)
  from space 5120K, 99% used [0x00000000d9580000,0x00000000d9a7b248,0x00000000d9a80000)
  to   space 8192K, 0% used [0x00000000ddd80000,0x00000000ddd80000,0x00000000de580000)
 ParOldGen       total 86016K, used 3917K [0x0000000080000000, 0x0000000085400000, 0x00000000d5580000)
  object space 86016K, 4% used [0x0000000080000000,0x00000000803d34d0,0x0000000085400000)
 Metaspace       used 17204K, capacity 17440K, committed 17920K, reserved 1064960K
  class space    used 1846K, capacity 1940K, committed 2048K, reserved 1048576K
}
Event: 2.532 GC heap before
{Heap before GC invocations=6 (full 0):
 PSYoungGen      total 70656K, used 67446K [0x00000000d5580000, 0x00000000de580000, 0x0000000100000000)
  eden space 65536K, 95% used [0x00000000d5580000,0x00000000d9262710,0x00000000d9580000)
  from space 5120K, 99% used [0x00000000d9580000,0x00000000d9a7b248,0x00000000d9a80000)
  to   space 8192K, 0% used [0x00000000ddd80000,0x00000000ddd80000,0x00000000de580000)
 ParOldGen       total 86016K, used 3917K [0x0000000080000000, 0x0000000085400000, 0x00000000d5580000)
  object space 86016K, 4% used [0x0000000080000000,0x00000000803d34d0,0x0000000085400000)
 Metaspace       used 20740K, capacity 21014K, committed 21296K, reserved 1069056K
  class space    used 2311K, capacity 2425K, committed 2432K, reserved 1048576K
Event: 2.539 GC heap after
Heap after GC invocations=6 (full 0):
 PSYoungGen      total 137728K, used 8182K [0x00000000d5580000, 0x00000000de880000, 0x0000000100000000)
  eden space 129536K, 0% used [0x00000000d5580000,0x00000000d5580000,0x00000000dd400000)
  from space 8192K, 99% used [0x00000000ddd80000,0x00000000de57dbe8,0x00000000de580000)
  to   space 9728K, 0% used [0x00000000dd400000,0x00000000dd400000,0x00000000ddd80000)
 ParOldGen       total 86016K, used 4628K [0x0000000080000000, 0x0000000085400000, 0x00000000d5580000)
  object space 86016K, 5% used [0x0000000080000000,0x00000000804851f0,0x0000000085400000)
 Metaspace       used 20740K, capacity 21014K, committed 21296K, reserved 1069056K
  class space    used 2311K, capacity 2425K, committed 2432K, reserved 1048576K
}
Event: 2.539 GC heap before
{Heap before GC invocations=7 (full 1):
 PSYoungGen      total 137728K, used 8182K [0x00000000d5580000, 0x00000000de880000, 0x0000000100000000)
  eden space 129536K, 0% used [0x00000000d5580000,0x00000000d5580000,0x00000000dd400000)
  from space 8192K, 99% used [0x00000000ddd80000,0x00000000de57dbe8,0x00000000de580000)
  to   space 9728K, 0% used [0x00000000dd400000,0x00000000dd400000,0x00000000ddd80000)
 ParOldGen       total 86016K, used 4628K [0x0000000080000000, 0x0000000085400000, 0x00000000d5580000)
  object space 86016K, 5% used [0x0000000080000000,0x00000000804851f0,0x0000000085400000)
 Metaspace       used 20740K, capacity 21014K, committed 21296K, reserved 1069056K
  class space    used 2311K, capacity 2425K, committed 2432K, reserved 1048576K
Event: 2.601 GC heap after
Heap after GC invocations=7 (full 1):
 PSYoungGen      total 137728K, used 0K [0x00000000d5580000, 0x00000000de880000, 0x0000000100000000)
  eden space 129536K, 0% used [0x00000000d5580000,0x00000000d5580000,0x00000000dd400000)
  from space 8192K, 0% used [0x00000000ddd80000,0x00000000ddd80000,0x00000000de580000)
  to   space 9728K, 0% used [0x00000000dd400000,0x00000000dd400000,0x00000000ddd80000)
 ParOldGen       total 67072K, used 10093K [0x0000000080000000, 0x0000000084180000, 0x00000000d5580000)
  object space 67072K, 15% used [0x0000000080000000,0x00000000809db5a0,0x0000000084180000)
 Metaspace       used 20740K, capacity 21014K, committed 21296K, reserved 1069056K
  class space    used 2311K, capacity 2425K, committed 2432K, reserved 1048576K
}
Event: 3.087 GC heap before
{Heap before GC invocations=8 (full 1):
 PSYoungGen      total 137728K, used 129536K [0x00000000d5580000, 0x00000000de880000, 0x0000000100000000)
  eden space 129536K, 100% used [0x00000000d5580000,0x00000000dd400000,0x00000000dd400000)
  from space 8192K, 0% used [0x00000000ddd80000,0x00000000ddd80000,0x00000000de580000)
  to   space 9728K, 0% used [0x00000000dd400000,0x00000000dd400000,0x00000000ddd80000)
 ParOldGen       total 67072K, used 10093K [0x0000000080000000, 0x0000000084180000, 0x00000000d5580000)
  object space 67072K, 15% used [0x0000000080000000,0x00000000809db5a0,0x0000000084180000)
 Metaspace       used 22058K, capacity 22398K, committed 22704K, reserved 1069056K
  class space    used 2418K, capacity 2542K, committed 2560K, reserved 1048576K
Event: 3.089 GC heap after
Heap after GC invocations=8 (full 1):
 PSYoungGen      total 139264K, used 2773K [0x00000000d5580000, 0x00000000e0f00000, 0x0000000100000000)
  eden space 129536K, 0% used [0x00000000d5580000,0x00000000d5580000,0x00000000dd400000)
  from space 9728K, 28% used [0x00000000dd400000,0x00000000dd6b56f0,0x00000000ddd80000)
  to   space 10240K, 0% used [0x00000000e0500000,0x00000000e0500000,0x00000000e0f00000)
 ParOldGen       total 67072K, used 10101K [0x0000000080000000, 0x0000000084180000, 0x00000000d5580000)
  object space 67072K, 15% used [0x0000000080000000,0x00000000809dd5a0,0x0000000084180000)
 Metaspace       used 22058K, capacity 22398K, committed 22704K, reserved 1069056K
  class space    used 2418K, capacity 2542K, committed 2560K, reserved 1048576K
}
Event: 4.937 GC heap before
{Heap before GC invocations=9 (full 1):
 PSYoungGen      total 139264K, used 132309K [0x00000000d5580000, 0x00000000e0f00000, 0x0000000100000000)
  eden space 129536K, 100% used [0x00000000d5580000,0x00000000dd400000,0x00000000dd400000)
  from space 9728K, 28% used [0x00000000dd400000,0x00000000dd6b56f0,0x00000000ddd80000)
  to   space 10240K, 0% used [0x00000000e0500000,0x00000000e0500000,0x00000000e0f00000)
 ParOldGen       total 67072K, used 10101K [0x0000000080000000, 0x0000000084180000, 0x00000000d5580000)
  object space 67072K, 15% used [0x0000000080000000,0x00000000809dd5a0,0x0000000084180000)
 Metaspace       used 28423K, capacity 29214K, committed 29568K, reserved 1075200K
  class space    used 3371K, capacity 3608K, committed 3712K, reserved 1048576K
Event: 4.947 GC heap after
Heap after GC invocations=9 (full 1):
 PSYoungGen      total 176128K, used 10238K [0x00000000d5580000, 0x00000000e1080000, 0x0000000100000000)
  eden space 165888K, 0% used [0x00000000d5580000,0x00000000d5580000,0x00000000df780000)
  from space 10240K, 99% used [0x00000000e0500000,0x00000000e0effa60,0x00000000e0f00000)
  to   space 12800K, 0% used [0x00000000df780000,0x00000000df780000,0x00000000e0400000)
 ParOldGen       total 67072K, used 12648K [0x0000000080000000, 0x0000000084180000, 0x00000000d5580000)
  object space 67072K, 18% used [0x0000000080000000,0x0000000080c5a148,0x0000000084180000)
 Metaspace       used 28423K, capacity 29214K, committed 29568K, reserved 1075200K
  class space    used 3371K, capacity 3608K, committed 3712K, reserved 1048576K
}

